# JRE version: Java(TM) SE Runtime Environment 18.9 (11.0.10+8) (build 11.0.10+8-LTS-162)
# Java VM: Java HotSpot(TM) 64-Bit Server VM 18.9 (11.0.10+8-LTS-162, mixed mode, tiered, compressed oops, g1 gc, windows-amd64)
Heap:
 garbage-first heap   total 673792K, used 418304K [0x0000000080000000, 0x0000000100000000)
  region size 1024K, 3 young (3072K), 3 survivors (3072K)
 Metaspace       used 153247K, capacity 159743K, committed 160008K, reserved 655360K
  class space    used 19222K, capacity 21551K, committed 21632K, reserved 516096K
GC Heap History (10 events):
Event: 445.322 GC heap after
{Heap after GC invocations=92 (full 0):
 garbage-first heap   total 475136K, used 400384K [0x0000000080000000, 0x0000000100000000)
  region size 1024K, 3 young (3072K), 3 survivors (3072K)
 Metaspace       used 150900K, capacity 157363K, committed 157448K, reserved 653312K
  class space    used 18777K, capacity 21082K, committed 21120K, reserved 516096K
}
Event: 446.628 GC heap before
{Heap before GC invocations=92 (full 0):
 garbage-first heap   total 475136K, used 407552K [0x0000000080000000, 0x0000000100000000)
  region size 1024K, 23 young (23552K), 3 survivors (3072K)
 Metaspace       used 153063K, capacity 159600K, committed 159752K, reserved 655360K
  class space    used 19220K, capacity 21550K, committed 21632K, reserved 516096K
}
Event: 446.731 GC heap after
{Heap after GC invocations=93 (full 0):
 garbage-first heap   total 475136K, used 394240K [0x0000000080000000, 0x0000000100000000)
  region size 1024K, 3 young (3072K), 3 survivors (3072K)
 Metaspace       used 153063K, capacity 159600K, committed 159752K, reserved 655360K
  class space    used 19220K, capacity 21550K, committed 21632K, reserved 516096K
}
Event: 447.440 GC heap before
{Heap before GC invocations=94 (full 0):
 garbage-first heap   total 475136K, used 414720K [0x0000000080000000, 0x0000000100000000)
  region size 1024K, 23 young (23552K), 3 survivors (3072K)
 Metaspace       used 153227K, capacity 159740K, committed 160008K, reserved 655360K
  class space    used 19222K, capacity 21551K, committed 21632K, reserved 516096K
}
Event: 447.518 GC heap after
{Heap after GC invocations=95 (full 0):
 garbage-first heap   total 475136K, used 404992K [0x0000000080000000, 0x0000000100000000)
  region size 1024K, 3 young (3072K), 3 survivors (3072K)
 Metaspace       used 153227K, capacity 159740K, committed 160008K, reserved 655360K
  class space    used 19222K, capacity 21551K, committed 21632K, reserved 516096K
}
Event: 447.807 GC heap before
{Heap before GC invocations=95 (full 0):
 garbage-first heap   total 475136K, used 424448K [0x0000000080000000, 0x0000000100000000)
  region size 1024K, 23 young (23552K), 3 survivors (3072K)
 Metaspace       used 153240K, capacity 159742K, committed 160008K, reserved 655360K
  class space    used 19222K, capacity 21551K, committed 21632K, reserved 516096K
}
Event: 447.890 GC heap after
{Heap after GC invocations=96 (full 0):
 garbage-first heap   total 475136K, used 405215K [0x0000000080000000, 0x0000000100000000)
  region size 1024K, 3 young (3072K), 3 survivors (3072K)
 Metaspace       used 153240K, capacity 159742K, committed 160008K, reserved 655360K
  class space    used 19222K, capacity 21551K, committed 21632K, reserved 516096K
}
Event: 448.397 GC heap before
{Heap before GC invocations=96 (full 0):
 garbage-first heap   total 475136K, used 424671K [0x0000000080000000, 0x0000000100000000)
  region size 1024K, 23 young (23552K), 3 survivors (3072K)
 Metaspace       used 153247K, capacity 159743K, committed 160008K, reserved 655360K
  class space    used 19222K, capacity 21551K, committed 21632K, reserved 516096K
}
Event: 448.530 GC heap after
{Heap after GC invocations=97 (full 0):
 garbage-first heap   total 475136K, used 409088K [0x0000000080000000, 0x0000000100000000)
  region size 1024K, 3 young (3072K), 3 survivors (3072K)
 Metaspace       used 153247K, capacity 159743K, committed 160008K, reserved 655360K
  class space    used 19222K, capacity 21551K, committed 21632K, reserved 516096K
}
Event: 448.922 GC heap before
{Heap before GC invocations=97 (full 0):
 garbage-first heap   total 475136K, used 429568K [0x0000000080000000, 0x0000000100000000)
  region size 1024K, 23 young (23552K), 3 survivors (3072K)
 Metaspace       used 153247K, capacity 159743K, committed 160008K, reserved 655360K
  class space    used 19222K, capacity 21551K, committed 21632K, reserved 516096K
}

